<?xml version="1.0" encoding="UTF-8"?>
<testng-results ignored="0" total="1" passed="1" failed="0" skipped="0">
  <reporter-output>
  </reporter-output>
  <suite started-at="2024-04-18T17:21:34 GMT+07:00" name="Smoky" finished-at="2024-04-18T17:22:20 GMT+07:00" duration-ms="46755">
    <groups>
    </groups>
    <test started-at="2024-04-18T17:21:34 GMT+07:00" name="Smoky" finished-at="2024-04-18T17:22:20 GMT+07:00" duration-ms="46755">
      <class name="com.demoqa.tests.PracticeFormTest">
        <test-method is-config="true" signature="init()[pri:0, instance:com.demoqa.tests.PracticeFormTest@3c9d0b9d]" started-at="2024-04-18T17:21:34 GMT+07:00" name="init" finished-at="2024-04-18T17:22:19 GMT+07:00" duration-ms="45240" status="PASS">
          <reporter-output>
          </reporter-output>
        </test-method> <!-- init -->
        <test-method is-config="true" signature="precondition()[pri:0, instance:com.demoqa.tests.PracticeFormTest@3c9d0b9d]" started-at="2024-04-18T17:22:19 GMT+07:00" name="precondition" finished-at="2024-04-18T17:22:19 GMT+07:00" duration-ms="154" status="PASS">
          <reporter-output>
          </reporter-output>
        </test-method> <!-- precondition -->
        <test-method signature="createStudentAccountTest()[pri:0, instance:com.demoqa.tests.PracticeFormTest@3c9d0b9d]" started-at="2024-04-18T17:22:19 GMT+07:00" name="createStudentAccountTest" finished-at="2024-04-18T17:22:20 GMT+07:00" duration-ms="1191" status="PASS">
          <reporter-output>
          </reporter-output>
        </test-method> <!-- createStudentAccountTest -->
        <test-method is-config="true" signature="tearDown()[pri:0, instance:com.demoqa.tests.PracticeFormTest@3c9d0b9d]" started-at="2024-04-18T17:22:20 GMT+07:00" name="tearDown" finished-at="2024-04-18T17:22:20 GMT+07:00" duration-ms="139" status="PASS">
          <reporter-output>
          </reporter-output>
        </test-method> <!-- tearDown -->
      </class> <!-- com.demoqa.tests.PracticeFormTest -->
    </test> <!-- Smoky -->
  </suite> <!-- Smoky -->
</testng-results>
